1761922560899	geckodriver	INFO	Listening on 127.0.0.1:63604
1761922563929	mozrunner::runner	INFO	Running command: "C:\\Program Files\\Mozilla Firefox\\firefox.exe" "--marionette" "--remote-debugging-port" "63605" "--remote-allow-hosts" "localhost" "-no-remote" "-profile" "C:\\Users\\KAIKYT~1\\AppData\\Local\\Temp\\rust_mozprofileQJpNGa"
console.warn: services.settings: Ignoring preference override of remote settings server
console.warn: services.settings: Allow by setting MOZ_REMOTE_SETTINGS_DEVTOOLS=1 in the environment
Dynamically enable window occlusion 0
1761922564178	Marionette	INFO	Marionette enabled
1761922564249	Marionette	INFO	Listening on port 63612
WebDriver BiDi listening on ws://127.0.0.1:63605
Read port: 63612
1761922564413	RemoteAgent	WARN	TLS certificate errors will be ignored for this session
console.warn: LoginRecipes: "Falling back to a synchronous message for: https://www.rockauto.com."
console.warn: LoginRecipes: "Falling back to a synchronous message for: https://www.rockauto.com."
console.warn: LoginRecipes: "Falling back to a synchronous message for: https://www.rockauto.com."
console.warn: LoginRecipes: "Falling back to a synchronous message for: https://www.rockauto.com."
console.warn: LoginRecipes: "Falling back to a synchronous message for: https://www.rockauto.com."
console.warn: LoginRecipes: "Falling back to a synchronous message for: https://www.rockauto.com."
console.warn: LoginRecipes: "Falling back to a synchronous message for: https://www.rockauto.com."
console.warn: LoginRecipes: "Falling back to a synchronous message for: https://www.rockauto.com."
console.warn: LoginRecipes: "Falling back to a synchronous message for: https://www.rockauto.com."
console.warn: LoginRecipes: "Falling back to a synchronous message for: https://www.rockauto.com."
console.warn: LoginRecipes: "Falling back to a synchronous message for: https://www.rockauto.com."
console.warn: LoginRecipes: "Falling back to a synchronous message for: https://www.rockauto.com."
console.warn: LoginRecipes: "Falling back to a synchronous message for: https://www.rockauto.com."
console.warn: LoginRecipes: "Falling back to a synchronous message for: https://www.rockauto.com."
console.warn: LoginRecipes: "Falling back to a synchronous message for: https://www.rockauto.com."
console.warn: LoginRecipes: "Falling back to a synchronous message for: https://www.rockauto.com."
console.warn: LoginRecipes: "Falling back to a synchronous message for: https://www.rockauto.com."
console.warn: LoginRecipes: "Falling back to a synchronous message for: https://www.rockauto.com."
console.warn: LoginRecipes: "Falling back to a synchronous message for: https://www.rockauto.com."
console.warn: LoginRecipes: "Falling back to a synchronous message for: https://www.rockauto.com."
console.warn: LoginRecipes: "Falling back to a synchronous message for: https://www.rockauto.com."
console.warn: LoginRecipes: "Falling back to a synchronous message for: https://www.rockauto.com."
console.warn: LoginRecipes: "Falling back to a synchronous message for: https://www.rockauto.com."
console.warn: LoginRecipes: "Falling back to a synchronous message for: https://www.rockauto.com."
console.warn: LoginRecipes: "Falling back to a synchronous message for: https://www.rockauto.com."
console.warn: LoginRecipes: "Falling back to a synchronous message for: https://www.rockauto.com."
console.warn: LoginRecipes: "Falling back to a synchronous message for: https://www.rockauto.com."
console.warn: LoginRecipes: "Falling back to a synchronous message for: https://www.rockauto.com."
console.warn: LoginRecipes: "Falling back to a synchronous message for: https://www.rockauto.com."
console.warn: LoginRecipes: "Falling back to a synchronous message for: https://www.rockauto.com."
console.warn: LoginRecipes: "Falling back to a synchronous message for: https://www.rockauto.com."
console.warn: LoginRecipes: "Falling back to a synchronous message for: https://www.rockauto.com."
console.warn: LoginRecipes: "Falling back to a synchronous message for: https://www.rockauto.com."
console.warn: LoginRecipes: "Falling back to a synchronous message for: https://www.rockauto.com."
console.warn: LoginRecipes: "Falling back to a synchronous message for: https://www.rockauto.com."
console.warn: LoginRecipes: "Falling back to a synchronous message for: https://www.rockauto.com."
console.warn: LoginRecipes: "Falling back to a synchronous message for: https://www.rockauto.com."
console.warn: LoginRecipes: "Falling back to a synchronous message for: https://www.rockauto.com."
console.warn: LoginRecipes: "Falling back to a synchronous message for: https://www.rockauto.com."
console.warn: LoginRecipes: "Falling back to a synchronous message for: https://www.rockauto.com."
console.warn: LoginRecipes: "Falling back to a synchronous message for: https://www.rockauto.com."
console.warn: LoginRecipes: "Falling back to a synchronous message for: https://www.rockauto.com."
console.warn: LoginRecipes: "Falling back to a synchronous message for: https://www.rockauto.com."
console.warn: LoginRecipes: "Falling back to a synchronous message for: https://www.rockauto.com."
console.warn: LoginRecipes: "Falling back to a synchronous message for: https://www.rockauto.com."
console.warn: LoginRecipes: "Falling back to a synchronous message for: https://www.rockauto.com."
console.warn: LoginRecipes: "Falling back to a synchronous message for: https://www.rockauto.com."
console.warn: LoginRecipes: "Falling back to a synchronous message for: https://www.rockauto.com."
console.warn: LoginRecipes: "Falling back to a synchronous message for: https://www.rockauto.com."
console.warn: LoginRecipes: "Falling back to a synchronous message for: https://www.rockauto.com."
JavaScript error: resource://gre/actors/FormHandlerChild.sys.mjs, line 103: InvalidStateError: JSWindowActorChild.document getter: Cannot access property 'document' after actor 'FormHandler' has been destroyed
JavaScript error: resource://gre/actors/FormHandlerChild.sys.mjs, line 182: InvalidStateError: JSWindowActorChild.document getter: Cannot access property 'document' after actor 'FormHandler' has been destroyed
console.warn: LoginRecipes: "Falling back to a synchronous message for: https://www.rockauto.com."
console.warn: LoginRecipes: "Falling back to a synchronous message for: https://www.rockauto.com."
console.warn: LoginRecipes: "Falling back to a synchronous message for: https://www.rockauto.com."
console.warn: LoginRecipes: "Falling back to a synchronous message for: https://www.rockauto.com."
console.warn: LoginRecipes: "Falling back to a synchronous message for: https://www.rockauto.com."
console.warn: LoginRecipes: "Falling back to a synchronous message for: https://www.rockauto.com."
console.warn: LoginRecipes: "Falling back to a synchronous message for: https://www.rockauto.com."
console.warn: LoginRecipes: "Falling back to a synchronous message for: https://www.rockauto.com."
console.warn: LoginRecipes: "Falling back to a synchronous message for: https://www.rockauto.com."
console.warn: LoginRecipes: "Falling back to a synchronous message for: https://www.rockauto.com."
console.warn: LoginRecipes: "Falling back to a synchronous message for: https://www.rockauto.com."
console.warn: LoginRecipes: "Falling back to a synchronous message for: https://www.rockauto.com."
console.warn: LoginRecipes: "Falling back to a synchronous message for: https://www.rockauto.com."
console.warn: LoginRecipes: "Falling back to a synchronous message for: https://www.rockauto.com."
JavaScript error: resource://gre/actors/FormHandlerChild.sys.mjs, line 182: InvalidStateError: JSWindowActorChild.document getter: Cannot access property 'document' after actor 'FormHandler' has been destroyed
JavaScript error: resource://gre/actors/FormHandlerChild.sys.mjs, line 182: InvalidStateError: JSWindowActorChild.document getter: Cannot access property 'document' after actor 'FormHandler' has been destroyed
JavaScript error: resource://gre/actors/FormHandlerChild.sys.mjs, line 182: InvalidStateError: JSWindowActorChild.document getter: Cannot access property 'document' after actor 'FormHandler' has been destroyed
JavaScript error: resource://gre/actors/FormHandlerChild.sys.mjs, line 182: InvalidStateError: JSWindowActorChild.document getter: Cannot access property 'document' after actor 'FormHandler' has been destroyed
JavaScript error: resource://gre/actors/FormHandlerChild.sys.mjs, line 182: InvalidStateError: JSWindowActorChild.document getter: Cannot access property 'document' after actor 'FormHandler' has been destroyed
JavaScript error: resource://gre/actors/FormHandlerChild.sys.mjs, line 182: InvalidStateError: JSWindowActorChild.document getter: Cannot access property 'document' after actor 'FormHandler' has been destroyed
JavaScript error: resource://gre/actors/FormHandlerChild.sys.mjs, line 182: InvalidStateError: JSWindowActorChild.document getter: Cannot access property 'document' after actor 'FormHandler' has been destroyed
JavaScript error: resource://gre/actors/FormHandlerChild.sys.mjs, line 182: InvalidStateError: JSWindowActorChild.document getter: Cannot access property 'document' after actor 'FormHandler' has been destroyed
console.warn: LoginRecipes: "Falling back to a synchronous message for: https://www.rockauto.com."
console.warn: LoginRecipes: "Falling back to a synchronous message for: https://www.rockauto.com."
console.warn: LoginRecipes: "Falling back to a synchronous message for: https://www.rockauto.com."
console.warn: LoginRecipes: "Falling back to a synchronous message for: https://www.rockauto.com."
console.warn: LoginRecipes: "Falling back to a synchronous message for: https://www.rockauto.com."
JavaScript error: resource://gre/actors/FormHandlerChild.sys.mjs, line 182: InvalidStateError: JSWindowActorChild.document getter: Cannot access property 'document' after actor 'FormHandler' has been destroyed
JavaScript error: resource://gre/actors/FormHandlerChild.sys.mjs, line 182: InvalidStateError: JSWindowActorChild.document getter: Cannot access property 'document' after actor 'FormHandler' has been destroyed
JavaScript error: resource://gre/actors/FormHandlerChild.sys.mjs, line 182: InvalidStateError: JSWindowActorChild.document getter: Cannot access property 'document' after actor 'FormHandler' has been destroyed
JavaScript error: resource://gre/actors/FormHandlerChild.sys.mjs, line 182: InvalidStateError: JSWindowActorChild.document getter: Cannot access property 'document' after actor 'FormHandler' has been destroyed
JavaScript error: resource://gre/actors/FormHandlerChild.sys.mjs, line 182: InvalidStateError: JSWindowActorChild.document getter: Cannot access property 'document' after actor 'FormHandler' has been destroyed
JavaScript error: resource://gre/actors/FormHandlerChild.sys.mjs, line 182: InvalidStateError: JSWindowActorChild.document getter: Cannot access property 'document' after actor 'FormHandler' has been destroyed
JavaScript error: resource://gre/actors/FormHandlerChild.sys.mjs, line 182: InvalidStateError: JSWindowActorChild.document getter: Cannot access property 'document' after actor 'FormHandler' has been destroyed
JavaScript error: resource://gre/actors/FormHandlerChild.sys.mjs, line 182: InvalidStateError: JSWindowActorChild.document getter: Cannot access property 'document' after actor 'FormHandler' has been destroyed
console.warn: LoginRecipes: "Falling back to a synchronous message for: https://www.rockauto.com."
console.warn: LoginRecipes: "Falling back to a synchronous message for: https://www.rockauto.com."
console.warn: LoginRecipes: "Falling back to a synchronous message for: https://www.rockauto.com."
console.warn: LoginRecipes: "Falling back to a synchronous message for: https://www.rockauto.com."
console.warn: LoginRecipes: "Falling back to a synchronous message for: https://www.rockauto.com."
console.warn: LoginRecipes: "Falling back to a synchronous message for: https://www.rockauto.com."
console.warn: LoginRecipes: "Falling back to a synchronous message for: https://www.rockauto.com."
console.warn: LoginRecipes: "Falling back to a synchronous message for: https://www.rockauto.com."
console.warn: LoginRecipes: "Falling back to a synchronous message for: https://www.rockauto.com."
console.warn: LoginRecipes: "Falling back to a synchronous message for: https://www.rockauto.com."
JavaScript error: resource://gre/actors/FormHandlerChild.sys.mjs, line 182: InvalidStateError: JSWindowActorChild.document getter: Cannot access property 'document' after actor 'FormHandler' has been destroyed
JavaScript error: resource://gre/actors/FormHandlerChild.sys.mjs, line 182: InvalidStateError: JSWindowActorChild.document getter: Cannot access property 'document' after actor 'FormHandler' has been destroyed
JavaScript error: resource://gre/actors/FormHandlerChild.sys.mjs, line 182: InvalidStateError: JSWindowActorChild.document getter: Cannot access property 'document' after actor 'FormHandler' has been destroyed
JavaScript error: resource://gre/actors/FormHandlerChild.sys.mjs, line 182: InvalidStateError: JSWindowActorChild.document getter: Cannot access property 'document' after actor 'FormHandler' has been destroyed
JavaScript error: resource://gre/actors/FormHandlerChild.sys.mjs, line 182: InvalidStateError: JSWindowActorChild.document getter: Cannot access property 'document' after actor 'FormHandler' has been destroyed
JavaScript error: resource://gre/actors/FormHandlerChild.sys.mjs, line 182: InvalidStateError: JSWindowActorChild.document getter: Cannot access property 'document' after actor 'FormHandler' has been destroyed
JavaScript error: resource://gre/actors/FormHandlerChild.sys.mjs, line 182: InvalidStateError: JSWindowActorChild.document getter: Cannot access property 'document' after actor 'FormHandler' has been destroyed
JavaScript error: resource://gre/actors/FormHandlerChild.sys.mjs, line 182: InvalidStateError: JSWindowActorChild.document getter: Cannot access property 'document' after actor 'FormHandler' has been destroyed
JavaScript error: resource://gre/actors/FormHandlerChild.sys.mjs, line 182: InvalidStateError: JSWindowActorChild.document getter: Cannot access property 'document' after actor 'FormHandler' has been destroyed
JavaScript error: resource://gre/actors/FormHandlerChild.sys.mjs, line 182: InvalidStateError: JSWindowActorChild.document getter: Cannot access property 'document' after actor 'FormHandler' has been destroyed
JavaScript error: resource://gre/actors/FormHandlerChild.sys.mjs, line 182: InvalidStateError: JSWindowActorChild.document getter: Cannot access property 'document' after actor 'FormHandler' has been destroyed
JavaScript error: resource://gre/actors/FormHandlerChild.sys.mjs, line 182: InvalidStateError: JSWindowActorChild.document getter: Cannot access property 'document' after actor 'FormHandler' has been destroyed
JavaScript error: resource://gre/actors/FormHandlerChild.sys.mjs, line 182: InvalidStateError: JSWindowActorChild.document getter: Cannot access property 'document' after actor 'FormHandler' has been destroyed
JavaScript error: resource://gre/actors/FormHandlerChild.sys.mjs, line 182: InvalidStateError: JSWindowActorChild.document getter: Cannot access property 'document' after actor 'FormHandler' has been destroyed
JavaScript error: resource://gre/actors/FormHandlerChild.sys.mjs, line 182: InvalidStateError: JSWindowActorChild.document getter: Cannot access property 'document' after actor 'FormHandler' has been destroyed
JavaScript error: resource://gre/actors/FormHandlerChild.sys.mjs, line 182: InvalidStateError: JSWindowActorChild.document getter: Cannot access property 'document' after actor 'FormHandler' has been destroyed
console.warn: LoginRecipes: "Falling back to a synchronous message for: https://www.rockauto.com."
console.warn: LoginRecipes: "Falling back to a synchronous message for: https://www.rockauto.com."
console.warn: LoginRecipes: "Falling back to a synchronous message for: https://www.rockauto.com."
console.warn: LoginRecipes: "Falling back to a synchronous message for: https://www.rockauto.com."
console.warn: LoginRecipes: "Falling back to a synchronous message for: https://www.rockauto.com."
1761922595426	Marionette	INFO	Stopped listening on port 63612
Dynamically enable window occlusion 1
console.error: "Failed to fetch https://spocs.getpocket.com/user:" "NetworkError when attempting to fetch resource."
console.error: (new TypeError("NetworkError when attempting to fetch resource.", ""))
console.error: (new Error("OHTTP was configured for https://ads.mozilla.org/v1/delete_user but we couldn't fetch a valid config", "moz-src:///browser/modules/ContextId.sys.mjs", 234))
console.warn: TopSitesFeed: Failed to fetch data from MARS server: NetworkError when attempting to fetch resource.
JavaScript error: resource://gre/modules/ObliviousHTTP.sys.mjs, line 117: NS_ERROR_XPC_CANT_CONVERT_PRIMITIVE_TO_ARRAY: Cannot convert primitive JavaScript value into an array arg 2 [nsIObliviousHttpService.newChannel]
console.error: services.settings: 
Object
  - prototype Object
    - columnNumber = 0
    - data = null
    - filename = resource://gre/modules/ServiceRequest.sys.mjs
    - lineNumber = 126
    - location = {"name":"open","filename":"resource://gre/modules/ServiceRequest.sys.mjs","sourceId":27,"lineNumber":126,"columnNumber":11,"asyncCause":null,"asyncCaller":null,"caller":{"filename":"resource://services-settings/Utils.sys.mjs","name":"fetch/<","sourceId":26,"lineNumber":268,"columnNumber":15,"asyncCause":null,"asyncCaller":null,"caller":{"filename":"resource://services-settings/Utils.sys.mjs","name":"fetch","sourceId":26,"lineNumber":219,"columnNumber":12,"asyncCause":null,"asyncCaller":null,"caller":{"filename":"resource://services-common/kinto-http-client.sys.mjs","name":"timedFetch/<","sourceId":669,"lineNumber":569,"columnNumber":12,"asyncCause":null,"asyncCaller":null,"caller":{"filename":"resource://services-common/kinto-http-client.sys.mjs","name":"timedFetch","sourceId":669,"lineNumber":544,"columnNumber":12,"asyncCause":null,"asyncCaller":null,"caller":{"filename":"resource://services-common/kinto-http-client.sys.mjs","name":"request","sourceId":669,"lineNumber":634,"columnNumber":33,"asyncCause":null,"asyncCaller":null,"caller":{"filename":"resource://services-common/kinto-http-client.sys.mjs","name":"execute","sourceId":669,"lineNumber":2643,"columnNumber":36,"asyncCause":null,"asyncCaller":null,"caller":{"filename":"resource://services-settings/RemoteSettingsClient.sys.mjs","name":"_fetchChangeset","sourceId":24,"lineNumber":1308,"columnNumber":22,"asyncCause":null,"asyncCaller":null,"caller":{"filename":"resource://services-settings/RemoteSettingsClient.sys.mjs","name":"_importChanges","sourceId":24,"lineNumber":1165,"columnNumber":18,"asyncCause":null,"asyncCaller":null,"caller":{"filename":"resource://services-settings/RemoteSettingsClient.sys.mjs","name":"maybeSync","sourceId":24,"lineNumber":814,"columnNumber":35,"asyncCause":null,"asyncCaller":null,"caller":null,"formattedStack":"maybeSync@resource://services-settings/RemoteSettingsClient.sys.mjs:814:35\n","nativeSavedFrame":{}},"formattedStack":"_importChanges@resource://services-settings/RemoteSettingsClient.sys.mjs:1165:18\nmaybeSync@resource://services-settings/RemoteSettingsClient.sys.mjs:814:35\n","nativeSavedFrame":{}},"formattedStack":"_fetchChangeset@resource://services-settings/RemoteSettingsClient.sys.mjs:1308:22\n_importChanges@resource://services-settings/RemoteSettingsClient.sys.mjs:1165:18\nmaybeSync@resource://services-settings/RemoteSettingsClient.sys.mjs:814:35\n","nativeSavedFrame":{}},"formattedStack":"execute@resource://services-common/kinto-http-client.sys.mjs:2643:36\n_fetchChangeset@resource://services-settings/RemoteSettingsClient.sys.mjs:1308:22\n_importChanges@resource://services-settings/RemoteSettingsClient.sys.mjs:1165:18\nmaybeSync@resource://services-settings/RemoteSettingsClient.sys.mjs:814:35\n","nativeSavedFrame":{}},"formattedStack":"request@resource://services-common/kinto-http-client.sys.mjs:634:33\nexecute@resource://services-common/kinto-http-client.sys.mjs:2643:36\n_fetchChangeset@resource://services-settings/RemoteSettingsClient.sys.mjs:1308:22\n_importChanges@resource://services-settings/RemoteSettingsClient.sys.mjs:1165:18\nmaybeSync@resource://services-settings/RemoteSettingsClient.sys.mjs:814:35\n","nativeSavedFrame":{}},"formattedStack":"timedFetch@resource://services-common/kinto-http-client.sys.mjs:544:12\nrequest@resource://services-common/kinto-http-client.sys.mjs:634:33\nexecute@resource://services-common/kinto-http-client.sys.mjs:2643:36\n_fetchChangeset@resource://services-settings/RemoteSettingsClient.sys.mjs:1308:22\n_importChanges@resource://services-settings/RemoteSettingsClient.sys.mjs:1165:18\nmaybeSync@resource://services-settings/RemoteSettingsClient.sys.mjs:814:35\n","nativeSavedFrame":{}},"formattedStack":"timedFetch/<@resource://services-common/kinto-http-client.sys.mjs:569:12\ntimedFetch@resource://services-common/kinto-http-client.sys.mjs:544:12\nrequest@resource://services-common/kinto-http-client.sys.mjs:634:33\nexecute@resource://services-common/kinto-http-client.sys.mjs:2643:36\n_fetchChangeset@resource://services-settings/RemoteSettingsClient.sys.mjs:1308:22\n_importChanges@resource://services-settings/RemoteSettingsClient.sys.mjs:1165:18\nmaybeSync@resource://services-settings/RemoteSettingsClient.sys.mjs:814:35\n","nativeSavedFrame":{}},"formattedStack":"fetch@resource://services-settings/Utils.sys.mjs:219:12\ntimedFetch/<@resource://services-common/kinto-http-client.sys.mjs:569:12\ntimedFetch@resource://services-common/kinto-http-client.sys.mjs:544:12\nrequest@resource://services-common/kinto-http-client.sys.mjs:634:33\nexecute@resource://services-common/kinto-http-client.sys.mjs:2643:36\n_fetchChangeset@resource://services-settings/RemoteSettingsClient.sys.mjs:1308:22\n_importChanges@resource://services-settings/RemoteSettingsClient.sys.mjs:1165:18\nmaybeSync@resource://services-settings/RemoteSettingsClient.sys.mjs:814:35\n","nativeSavedFrame":{}},"formattedStack":"fetch/<@resource://services-settings/Utils.sys.mjs:268:15\nfetch@resource://services-settings/Utils.sys.mjs:219:12\ntimedFetch/<@resource://services-common/kinto-http-client.sys.mjs:569:12\ntimedFetch@resource://services-common/kinto-http-client.sys.mjs:544:12\nrequest@resource://services-common/kinto-http-client.sys.mjs:634:33\nexecute@resource://services-common/kinto-http-client.sys.mjs:2643:36\n_fetchChangeset@resource://services-settings/RemoteSettingsClient.sys.mjs:1308:22\n_importChanges@resource://services-settings/RemoteSettingsClient.sys.mjs:1165:18\nmaybeSync@resource://services-settings/RemoteSettingsClient.sys.mjs:814:35\n","nativeSavedFrame":{}},"formattedStack":"open@resource://gre/modules/ServiceRequest.sys.mjs:126:11\nfetch/<@resource://services-settings/Utils.sys.mjs:268:15\nfetch@resource://services-settings/Utils.sys.mjs:219:12\ntimedFetch/<@resource://services-common/kinto-http-client.sys.mjs:569:12\ntimedFetch@resource://services-common/kinto-http-client.sys.mjs:544:12\nrequest@resource://services-common/kinto-http-client.sys.mjs:634:33\nexecute@resource://services-common/kinto-http-client.sys.mjs:2643:36\n_fetchChangeset@resource://services-settings/RemoteSettingsClient.sys.mjs:1308:22\n_importChanges@resource://services-settings/RemoteSettingsClient.sys.mjs:1165:18\nmaybeSync@resource://services-settings/RemoteSettingsClient.sys.mjs:814:35\n","nativeSavedFrame":{}}
    - message = 
    - name = 
    - result = 2152071198
    - stack = open@resource://gre/modules/ServiceRequest.sys.mjs:126:11|fetch/<@resource://services-settings/Utils.sys.mjs:268:15|fetch@resource://services-settings/Utils.sys.mjs:219:12|timedFetch/<@resource://services-common/kinto-http-client.sys.mjs:569:12|timedFetch@resource://services-common/kinto-http-client.sys.mjs:544:12|request@resource://services-common/kinto-http-client.sys.mjs:634:33|execute@resource://services-common/kinto-http-client.sys.mjs:2643:36|_fetchChangeset@resource://services-settings/RemoteSettingsClient.sys.mjs:1308:22|_importChanges@resource://services-settings/RemoteSettingsClient.sys.mjs:1165:18|maybeSync@resource://services-settings/RemoteSettingsClient.sys.mjs:814:35|
  - prototype Object
console.warn: services.settings: main/url-classifier-exceptions sync interrupted by shutdown
console.warn: services.settings: main/tracking-protection-lists sync interrupted by shutdown
console.warn: services.settings: main/devtools-compatibility-browsers sync interrupted by shutdown
console.warn: services.settings: main/search-config-v2 sync interrupted by shutdown
console.warn: services.settings: main/translations-models sync interrupted by shutdown
console.warn: services.settings: main/nimbus-secure-experiments sync interrupted by shutdown
console.warn: services.settings: security-state/onecrl sync interrupted by shutdown
console.warn: services.settings: main/addons-data-leak-blocker-domains sync interrupted by shutdown
console.warn: services.settings: main/search-telemetry-v2 sync interrupted by shutdown
console.warn: services.settings: main/message-groups sync interrupted by shutdown
console.warn: services.settings: main/moz-essential-domain-fallbacks sync interrupted by shutdown
console.warn: services.settings: main/mfcdm-origins-list sync interrupted by shutdown
console.warn: services.settings: main/doh-config sync interrupted by shutdown
console.warn: services.settings: main/fingerprinting-protection-overrides sync interrupted by shutdown
console.warn: services.settings: main/translations-wasm sync interrupted by shutdown
console.warn: services.settings: main/partitioning-exempt-urls sync interrupted by shutdown
console.warn: services.settings: main/cfr sync interrupted by shutdown
console.warn: services.settings: main/search-config-icons sync interrupted by shutdown
console.warn: services.settings: main/search-default-override-allowlist sync interrupted by shutdown
console.warn: services.settings: main/newtab-wallpapers-v2 sync interrupted by shutdown
console.warn: services.settings: main/password-rules sync interrupted by shutdown
console.warn: services.settings: main/url-parser-default-unknown-schemes-interventions sync interrupted by shutdown
console.warn: services.settings: main/url-classifier-skip-urls sync interrupted by shutdown
console.warn: services.settings: main/websites-with-shared-credential-backends sync interrupted by shutdown
console.warn: services.settings: main/normandy-recipes-capabilities sync interrupted by shutdown
console.warn: services.settings: main/remote-permissions sync interrupted by shutdown
console.warn: services.settings: main/search-categorization sync interrupted by shutdown
console.warn: services.settings: main/third-party-cookie-blocking-exempt-urls sync interrupted by shutdown
console.warn: services.settings: main/cookie-banner-rules-list sync interrupted by shutdown
console.warn: services.settings: main/urlbar-persisted-search-terms sync interrupted by shutdown
console.warn: services.settings: main/search-config-overrides-v2 sync interrupted by shutdown
console.warn: services.settings: main/query-stripping sync interrupted by shutdown
console.warn: services.settings: main/addons-manager-settings sync interrupted by shutdown
console.warn: services.settings: main/fxmonitor-breaches sync interrupted by shutdown
console.warn: services.settings: main/password-recipes sync interrupted by shutdown
console.warn: services.settings: main/language-dictionaries sync interrupted by shutdown
console.warn: services.settings: main/devtools-devices sync interrupted by shutdown
console.warn: services.settings: main/doh-providers sync interrupted by shutdown
console.warn: services.settings: main/hijack-blocklists sync interrupted by shutdown
console.warn: services.settings: main/anti-tracking-url-decoration sync interrupted by shutdown
console.warn: services.settings: main/sites-classification sync interrupted by shutdown
console.error: ({details:{id:"9a0cf117-f8e7-4420-cc60-9fac2c2f6ffa", last_modified:1761836222722, bucket:"security-state", collection:"intermediates", host:"firefox.settings.services.mozilla.com"}})
JavaScript error: resource://services-settings/RemoteSettingsClient.sys.mjs, line 85: Error: Unknown callback
